Test (2A): initial election ...
0is candidator
0get 1vote
vote:  0->2  true
vote:  0->1  true
labgob warning: Decoding into a non-default variable/field VoteGranted may not work
1is candidator
1get 1vote
vote:  1->0  true
vote:  1->2  true
me:0  term:2 leader:false
me:1  term:2 leader:false
me:2  term:2 leader:false
2is candidator
2get 1vote
vote:  2->1  true
vote:  2->0  true
0is candidator
0get 3vote
0is leader
vote:  0->2  true
vote:  0->1  true
me:0  term:4 leader:true
me:1  term:4 leader:false
me:2  term:4 leader:false
0is leader
0is leader
0is leader
0is leader
0is leader
0is leader
0is leader
0is leader
0is leader
0is leader
0is leader
0is leader
0is leader
0is leader
0is leader
0is leader
0is leader
0is leader
0is leader
0is leader
0is leader
0is leader
0is leader
0is leader
0is leader
0is leader
me:0  term:4 leader:true
me:1  term:4 leader:false
me:2  term:4 leader:false
  ... Passed --   3.6  3   62   12272    0
Test (2A): election after network failure ...
me:0  term:0 leader:false
me:1  term:0 leader:false
me:2  term:0 leader:false
0is candidator
0get 1vote
vote:  0->2  true
vote:  0->1  true
2is candidator
2get 1vote
vote:  2->1  true
vote:  2->0  true
1is candidator
1get 1vote
vote:  1->0  true
vote:  1->2  true
me:0  term:3 leader:false
me:1  term:3 leader:false
me:2  term:3 leader:false
0is candidator
0get 3vote
0is leader
vote:  0->2  true
vote:  0->1  true
0is leader
0is leader
0is leader
0is leader
me:0  term:4 leader:true
me:1  term:4 leader:false
me:2  term:4 leader:false
0is leader
0is leader
0is leader
0is leader
0is leader
me:1  term:4 leader:false
me:2  term:4 leader:false
0is leader
2is candidator
2get 1vote
vote:  2->1  true
0is leader
1is candidator
1get 1vote
vote:  1->2  true
0is leader
0is leader
0is leader
me:1  term:6 leader:false
me:2  term:6 leader:false
2is candidator
2get 2vote
2is leader
vote:  2->1  false
0is leader
2is leader
0is leader
2is leader
0is leader
2is leader
0is leader
2is leader
0is leader
me:1  term:7 leader:false
me:2  term:7 leader:true
2is leader
2is leader
2is leader
2is leader
2is leader
2is leader
2is leader
2is leader
2is leader
2is leader
2is leader
2is leader
2is leader
2is leader
2is leader
2is leader
2is leader
2is leader
2is leader
2is leader
2is leader
2is leader
2is leader
2is leader
2is leader
me:0  term:7 leader:false
me:1  term:7 leader:false
me:2  term:7 leader:true
2is leader
2is leader
2is leader
2is leader
2is leader
0is candidator
0get 1vote
2is leader
2is leader
1is candidator
1get 1vote
2is leader
2is leader
2is leader
0is candidator
0get 1vote
2is leader
2is leader
1is candidator
1get 1vote
2is leader
2is leader
2is leader
0is candidator
0get 1vote
2is leader
2is leader
1is candidator
1get 1vote
2is leader
2is leader
2is leader
0is candidator
0get 1vote
vote:  0->1  true
2is leader
2is leader
1is candidator
1get 1vote
vote:  1->0  true
2is leader
2is leader
0is candidator
0get 2vote
0is leader
vote:  0->1  true
2is leader
me:0  term:13 leader:true
me:1  term:13 leader:false
0is leader
0is leader
0is leader
0is leader
0is leader
me:0  term:13 leader:true
me:1  term:13 leader:false
me:2  term:13 leader:false
  ... Passed --   8.5  3  194   32190    0
Test (2A): multiple elections ...
first
0is candidator
0get 1vote
vote:  0->6  true
vote:  0->1  true
vote:  0->4  true
vote:  0->5  true
vote:  0->2  true
vote:  0->3  true
1is candidator
1get 1vote
vote:  1->6  true
vote:  1->0  true
vote:  1->2  true
vote:  1->3  true
vote:  1->4  true
vote:  1->5  true
5is candidator
5get 1vote
vote:  5->6  true
vote:  5->0  true
vote:  5->2  true
vote:  5->3  true
vote:  5->4  true
vote:  5->1  true
4is candidator
4get 1vote
vote:  4->6  true
3is candidator
3get 1vote
vote:  3->6  false
6is candidator
6get 1vote
vote:  6->5  true
vote:  4->0  true
vote:  4->1  true
vote:  6->1  true
vote:  4->2  true
vote:  3->4  false
vote:  4->3  false
vote:  3->5  false
vote:  4->5  false
vote:  6->0  true
vote:  3->0  false
vote:  3->2  false
vote:  6->3  true
vote:  6->2  true
vote:  3->1  false
vote:  6->4  true
2is candidator
2get 1vote
vote:  2->6  true
vote:  2->0  true
vote:  2->4  true
vote:  2->5  true
vote:  2->3  true
vote:  2->1  true
me:0  term:6 leader:false
me:1  term:6 leader:false
me:2  term:6 leader:false
me:3  term:6 leader:false
me:4  term:6 leader:false
me:5  term:5 leader:false
me:6  term:6 leader:false
0is candidator
0get 7vote
0is leader
vote:  0->1  true
vote:  0->4  true
vote:  0->2  true
vote:  0->5  true
vote:  0->6  false
vote:  0->3  false
0is leader
me:0  term:7 leader:true
me:1  term:7 leader:false
me:2  term:7 leader:false
me:3  term:7 leader:false
me:4  term:7 leader:false
me:5  term:7 leader:false
me:6  term:7 leader:false
second
0is leader
0is leader
0is leader
0is leader
0is leader
5is candidator
5get 1vote
6is candidator
6get 1vote
0is leader
me:0  term:7 leader:true
me:1  term:7 leader:false
me:3  term:7 leader:false
me:4  term:7 leader:false
second
0is leader
0is leader
0is leader
2is candidator
2get 1vote
vote:  2->1  true
vote:  2->3  true
vote:  2->4  true
5is candidator
5get 1vote
0is leader
6is candidator
6get 1vote
0is leader
me:1  term:8 leader:false
me:2  term:8 leader:false
me:3  term:8 leader:false
me:4  term:8 leader:false
0is leader
1is candidator
1get 1vote
vote:  1->2  true
vote:  1->3  true
vote:  1->4  true
0is leader
0is leader
2is candidator
2get 5vote
2is leader
vote:  2->1  true
vote:  2->3  true
vote:  2->4  true
5is candidator
5get 1vote
0is leader
2is leader
6is candidator
6get 1vote
me:1  term:10 leader:false
me:2  term:10 leader:true
me:3  term:10 leader:false
me:4  term:10 leader:false
second
0is leader
2is leader
0is leader
2is leader
0is leader
2is leader
0is leader
2is leader
0is leader
2is leader
6is candidator
6get 1vote
me:0  term:7 leader:true
me:1  term:10 leader:false
me:3  term:10 leader:false
me:5  term:10 leader:false
second
0is leader
2is leader
0is leader
2is leader
0is leader
2is leader
0is leader
2is leader
0is leader
2is leader
3is candidator
3get 1vote
0is leader
me:0  term:7 leader:true
me:4  term:10 leader:false
me:5  term:10 leader:false
me:6  term:11 leader:false
second
2is leader
2is leader
1is candidator
1get 1vote
2is leader
2is leader
2is leader
me:0  term:10 leader:false
me:2  term:10 leader:true
me:3  term:11 leader:false
me:4  term:10 leader:false
me:6  term:11 leader:false
second
2is leader
2is leader
1is candidator
1get 1vote
2is leader
2is leader
5is candidator
5get 1vote
vote:  5->6  false
vote:  5->0  true
vote:  5->3  false
vote:  5->4  true
2is leader
3is candidator
3get 1vote
vote:  3->6  true
vote:  3->4  true
vote:  3->0  true
vote:  3->5  true
me:0  term:12 leader:false
me:3  term:12 leader:false
me:4  term:12 leader:false
me:5  term:12 leader:false
me:6  term:12 leader:false
2is leader
0is candidator
0get 1vote
vote:  0->3  true
vote:  0->6  true
vote:  0->4  true
vote:  0->5  true
2is leader
1is candidator
1get 1vote
2is leader
5is candidator
5get 4vote
5is leader
vote:  5->0  true
vote:  5->3  true
vote:  5->4  true
vote:  5->6  false
2is leader
5is leader
2is leader
5is leader
me:0  term:14 leader:false
me:3  term:14 leader:false
me:4  term:14 leader:false
me:5  term:14 leader:true
me:6  term:14 leader:false
second
2is leader
5is leader
5is leader
5is leader
5is leader
me:1  term:14 leader:false
me:2  term:14 leader:false
me:3  term:14 leader:false
me:5  term:14 leader:true
second
5is leader
0is candidator
0get 1vote
vote:  0->6  true
vote:  0->1  true
vote:  0->3  true
vote:  0->4  true
5is leader
5is leader
5is leader
4is candidator
4get 1vote
vote:  4->6  true
vote:  4->0  true
vote:  4->1  true
vote:  4->3  true
6is candidator
6get 1vote
vote:  6->0  true
vote:  6->1  true
vote:  6->3  true
vote:  6->4  true
5is leader
me:0  term:17 leader:false
me:1  term:17 leader:false
me:3  term:17 leader:false
me:4  term:17 leader:false
me:6  term:17 leader:false
3is candidator
3get 1vote
vote:  3->6  true
vote:  3->0  true
vote:  3->1  true
vote:  3->4  true
5is leader
0is candidator
0get 5vote
0is leader
vote:  0->1  true
vote:  0->3  true
vote:  0->4  true
vote:  0->6  false
5is leader
2is candidator
2get 2vote
0is leader
5is leader
0is leader
5is leader
0is leader
5is leader
0is leader
me:0  term:19 leader:true
me:1  term:19 leader:false
me:3  term:19 leader:false
me:4  term:19 leader:false
me:6  term:19 leader:false
second
5is leader
0is leader
5is leader
0is leader
2is candidator
2get 1vote
5is leader
0is leader
5is leader
0is leader
5is leader
0is leader
me:1  term:19 leader:false
me:3  term:19 leader:false
me:4  term:19 leader:false
me:5  term:14 leader:true
me:6  term:19 leader:false
third
5is leader
0is leader
0is leader
0is leader
0is leader
0is leader
me:0  term:19 leader:true
me:1  term:19 leader:false
me:2  term:19 leader:false
me:3  term:19 leader:false
me:4  term:19 leader:false
me:5  term:19 leader:false
me:6  term:19 leader:false
  ... Passed --   7.6  7  762  118778    0
PASS
ok  	6.824/raft	19.767s
